0	11:37:15.029	Compiling 'MACD Sample'
0	11:37:15.029	Compiling 'Moving Average'
0	11:37:18.204	Compiling 'Accelerator'
0	11:37:18.205	Compiling 'Accumulation'
0	11:37:18.205	Compiling 'Alligator'
0	11:37:18.205	Compiling 'ATR'
0	11:37:18.205	Compiling 'Awesome'
0	11:37:18.205	Compiling 'Bands'
0	11:37:18.205	Compiling 'Bears'
0	11:37:18.205	Compiling 'Bulls'
0	11:37:18.205	Compiling 'CCI'
0	11:37:18.205	Compiling 'Custom Moving Averages'
0	11:37:18.205	Compiling 'Heiken Ashi'
0	11:37:18.205	Compiling 'Ichimoku'
0	11:37:18.205	Compiling 'iExposure'
0	11:37:18.205	Compiling 'MACD'
0	11:37:18.205	Compiling 'Momentum'
0	11:37:18.205	Compiling 'OsMA'
0	11:37:18.205	Compiling 'Parabolic'
0	11:37:18.205	Compiling 'RSI'
0	11:37:18.205	Compiling 'Stochastic'
0	11:37:18.205	Compiling 'ZigZag'
0	11:37:18.206	Compiling 'SimplePanel'
0	11:37:24.620	Compiling 'PeriodConverter'
0	11:37:24.621	Compiling 'DLLSampleTester'
0	11:37:24.621	Compiling 'PipeClient'
0	11:37:24.621	Compiling 'PipeClientPure'
0	11:37:28.186	Compiling 'stdlib'
